<?xml version="1.0" encoding="UTF-8"?>
<!-- Generated by org.testng.reporters.JUnitReportReporter -->
<testsuite hostname="TelkatBhaat" failures="0" tests="1" name="com.haullog.haullog.services.shipmentServiceImplementationTests.GetShipmentsByMonthYearSuccessTest" time="0.117" errors="0" timestamp="2024-05-08T09:54:40 GMT-07:00" skipped="0">
  <testcase classname="com.haullog.haullog.services.shipmentServiceImplementationTests.GetShipmentsByMonthYearSuccessTest" name="getShipmentsByMonthYearFound" time="0.117"/>
</testsuite> <!-- com.haullog.haullog.services.shipmentServiceImplementationTests.GetShipmentsByMonthYearSuccessTest -->
