<?xml version="1.0" encoding="UTF-8"?>
<!-- Generated by org.testng.reporters.JUnitReportReporter -->
<testsuite hostname="TelkatBhaat" failures="0" tests="1" name="com.haullog.haullog.controllers.expenseControllerTests.getExpenseByTruckIdTests.GetExpensesByTruckIdTests" time="0.004" errors="0" timestamp="2024-05-08T09:54:40 GMT-07:00" skipped="0">
  <testcase classname="com.haullog.haullog.controllers.expenseControllerTests.getExpenseByTruckIdTests.GetExpensesByTruckIdTests" name="testGetExpensesForTruck" time="0.004"/>
</testsuite> <!-- com.haullog.haullog.controllers.expenseControllerTests.getExpenseByTruckIdTests.GetExpensesByTruckIdTests -->
