<?xml version="1.0" encoding="UTF-8"?>
<!-- Generated by org.testng.reporters.JUnitReportReporter -->
<testsuite hostname="TelkatBhaat" failures="0" tests="1" name="com.haullog.haullog.services.userServiceImplementation.GetUserByUsernameSuccess" time="0.005" errors="0" timestamp="2024-05-08T00:05:15 GMT-07:00" skipped="0">
  <testcase classname="com.haullog.haullog.services.userServiceImplementation.GetUserByUsernameSuccess" name="getUserByUserNameSuccess" time="0.005"/>
</testsuite> <!-- com.haullog.haullog.services.userServiceImplementation.GetUserByUsernameSuccess -->
