<?xml version="1.0" encoding="UTF-8"?>
<!-- Generated by org.testng.reporters.JUnitReportReporter -->
<testsuite hostname="TelkatBhaat" failures="0" tests="1" name="com.haullog.haullog.services.shipmentServiceImplementationTests.GetShipmentsByMonthFailure" time="0.159" errors="0" timestamp="2024-05-08T00:05:15 GMT-07:00" skipped="0">
  <testcase classname="com.haullog.haullog.services.shipmentServiceImplementationTests.GetShipmentsByMonthFailure" name="getShipmentsByMonthYearEmpty" time="0.159"/>
</testsuite> <!-- com.haullog.haullog.services.shipmentServiceImplementationTests.GetShipmentsByMonthFailure -->
