<?xml version="1.0" encoding="UTF-8"?>
<!-- Generated by org.testng.reporters.JUnitReportReporter -->
<testsuite hostname="TelkatBhaat" failures="0" tests="2" name="com.haullog.haullog.controllers.SignUpControllerTests" time="0.031" errors="0" timestamp="2024-05-08T09:54:40 GMT-07:00" skipped="0">
  <testcase classname="com.haullog.haullog.controllers.SignUpControllerTests" name="testSignUpSuccess" time="0.005"/>
  <testcase classname="com.haullog.haullog.controllers.SignUpControllerTests" name="testSignUpUserAlreadyExists" time="0.026"/>
</testsuite> <!-- com.haullog.haullog.controllers.SignUpControllerTests -->
