<?xml version="1.0" encoding="UTF-8"?>
<!-- Generated by org.testng.reporters.JUnitReportReporter -->
<testsuite hostname="TelkatBhaat" failures="0" tests="3" name="com.haullog.haullog.controllers.ShipmentControllerTests" time="0.562" errors="0" timestamp="2024-05-08T09:54:40 GMT-07:00" skipped="0">
  <testcase classname="com.haullog.haullog.controllers.ShipmentControllerTests" name="testGetShipmentsByDateMonthError" time="0.538"/>
  <testcase classname="com.haullog.haullog.controllers.ShipmentControllerTests" name="testGetShipmentsByDateInFutureError" time="0.017"/>
  <testcase classname="com.haullog.haullog.controllers.ShipmentControllerTests" name="testGetShipmentsByDateSuccess" time="0.007"/>
</testsuite> <!-- com.haullog.haullog.controllers.ShipmentControllerTests -->
