<?xml version="1.0" encoding="UTF-8"?>
<!-- Generated by org.testng.reporters.JUnitReportReporter -->
<testsuite hostname="TelkatBhaat" failures="0" tests="1" name="com.haullog.haullog.services.userServiceImplementation.GetUserByUsernameSuccessTest" time="0.006" errors="0" timestamp="2024-05-08T09:54:40 GMT-07:00" skipped="0">
  <testcase classname="com.haullog.haullog.services.userServiceImplementation.GetUserByUsernameSuccessTest" name="getUserByUserNameSuccess" time="0.006"/>
</testsuite> <!-- com.haullog.haullog.services.userServiceImplementation.GetUserByUsernameSuccessTest -->
